#
# A fatal error has been detected by the Java Runtime Environment:
#
#  Internal Error (javaClasses.cpp:129), pid=5708, tid=5560
#  fatal error: Invalid layout of preloaded class
#
# JRE version: 7.0_13-b20
# Java VM: Java HotSpot(TM) Client VM (23.7-b01 mixed mode windows-x86 )
# Failed to write core dump. Minidumps are not enabled by default on client versions of Windows
#
# If you would like to submit a bug report, please visit:
#   http://bugreport.sun.com/bugreport/crash.jsp
#

---------------  T H R E A D  ---------------

Current thread (0x011bb400):  JavaThread "Unknown thread" [_thread_in_vm, id=5560, stack(0x011c0000,0x01210000)]

Stack: [0x011c0000,0x01210000],  sp=0x0120f4c4,  free space=317k
Native frames: (J=compiled Java code, j=interpreted, Vv=VM code, C=native code)
V  [jvm.dll+0x16f261]
V  [jvm.dll+0x1693d6]
V  [jvm.dll+0x2079f]
V  [jvm.dll+0x20826]
V  [jvm.dll+0x2e5bd]
V  [jvm.dll+0x2e869]
V  [jvm.dll+0x77ba1]
V  [jvm.dll+0x77f5b]
V  [jvm.dll+0x1290e1]
V  [jvm.dll+0x149b3a]
V  [jvm.dll+0xa98df]
C  [javaw.exe+0x13ca]
C  [javaw.exe+0x1e3c]
C  [javaw.exe+0xa5a1]
C  [javaw.exe+0xa62b]
C  [kernel32.dll+0x51194]  BaseThreadInitThunk+0x12
C  [ntdll.dll+0x5b3f5]  RtlInitializeExceptionChain+0x63
C  [ntdll.dll+0x5b3c8]  RtlInitializeExceptionChain+0x36


---------------  P R O C E S S  ---------------

Java Threads: ( => current thread )

Other Threads:

=>0x011bb400 (exited) JavaThread "Unknown thread" [_thread_in_vm, id=5560, stack(0x011c0000,0x01210000)]

VM state:not at safepoint (not fully initialized)

VM Mutex/Monitor currently owned by a thread: None

GC Heap History (0 events):
No events

Deoptimization events (0 events):
No events

Internal exceptions (0 events):
No events

Events (10 events):
Event: 0.019 loading class 0x019d6e38 done
Event: 0.020 loading class 0x011bfc20 done
Event: 0.020 loading class 0x011bfbf8
Event: 0.020 loading class 0x01a4edf8
Event: 0.020 loading class 0x01a4edf8 done
Event: 0.020 loading class 0x01a4ee30
Event: 0.020 loading class 0x01a4ee30 done
Event: 0.020 loading class 0x01a44f78
Event: 0.020 loading class 0x01a44f78 done
Event: 0.020 loading class 0x011bfbf8 done


Dynamic libraries:
0x012c0000 - 0x012ef000 	C:\Program Files\Java\jre7\bin\javaw.exe
0x77bc0000 - 0x77cfc000 	C:\Windows\SYSTEM32\ntdll.dll
0x77720000 - 0x777f4000 	C:\Windows\system32\kernel32.dll
0x75ab0000 - 0x75afa000 	C:\Windows\system32\KERNELBASE.dll
0x778b0000 - 0x77950000 	C:\Windows\system32\ADVAPI32.dll
0x75f90000 - 0x7603c000 	C:\Windows\system32\msvcrt.dll
0x75da0000 - 0x75db9000 	C:\Windows\SYSTEM32\sechost.dll
0x77800000 - 0x778a1000 	C:\Windows\system32\RPCRT4.dll
0x77950000 - 0x77a19000 	C:\Windows\system32\USER32.dll
0x76390000 - 0x763de000 	C:\Windows\system32\GDI32.dll
0x75d90000 - 0x75d9a000 	C:\Windows\system32\LPK.dll
0x77d50000 - 0x77ded000 	C:\Windows\system32\USP10.dll
0x74a20000 - 0x74bbe000 	C:\Windows\WinSxS\x86_microsoft.windows.common-controls_6595b64144ccf1df_6.0.7600.16661_none_420fe3fa2b8113bd\COMCTL32.dll
0x775b0000 - 0x77607000 	C:\Windows\system32\SHLWAPI.dll
0x77d20000 - 0x77d3f000 	C:\Windows\system32\IMM32.DLL
0x76090000 - 0x7615c000 	C:\Windows\system32\MSCTF.dll
0x50000000 - 0x500be000 	C:\Program Files\Java\jre7\bin\msvcr100.dll
0x61960000 - 0x61cad000 	C:\Program Files\Java\jre7\bin\client\jvm.dll
0x6fca0000 - 0x6fca7000 	C:\Windows\system32\WSOCK32.dll
0x76350000 - 0x76385000 	C:\Windows\system32\WS2_32.dll
0x77d10000 - 0x77d16000 	C:\Windows\system32\NSI.dll
0x75b00000 - 0x75b32000 	C:\Windows\system32\WINMM.dll
0x77d00000 - 0x77d05000 	C:\Windows\system32\PSAPI.DLL
0x742a0000 - 0x742ac000 	C:\Program Files\Java\jre7\bin\verify.dll
0x72690000 - 0x726b0000 	C:\Program Files\Java\jre7\bin\java.dll
0x72630000 - 0x72643000 	C:\Program Files\Java\jre7\bin\zip.dll
0x6f5c0000 - 0x6f6ab000 	C:\Windows\system32\dbghelp.dll

VM Arguments:
jvm_args: -Dfile.encoding=GBK -Xbootclasspath:D:\Program Files\adt-bundle-windows-x86-20131030\adt-bundle-windows-x86-20131030\sdk\platforms\android-19\android.jar 
java_command: JavaDemo
Launcher Type: SUN_STANDARD

Environment Variables:
JAVA_HOME=C:\Program Files\Java\jdk1.7.0_13
CLASSPATH= .;C:\Program Files\Java\jdk1.7.0_13\lib;C:\Program Files\Java\jdk1.7.0_13\lib\tools.jar
PATH=C:/Program Files/Java/jre7/bin/client;C:/Program Files/Java/jre7/bin;C:/Program Files/Java/jre7/lib/i386;C:\Windows\system32;C:\Windows;C:\Windows\System32\Wbem;C:\Windows\System32\WindowsPowerShell\v1.0\;C:\Program Files\Windows7Master;C:\Program Files\ATI Technologies\ATI.ACE\Core-Static;C:\Program Files\Java\jdk1.7.0_13\bin;C:\Program Files\Java\jdk1.7.0_13\jre\bin;D:\Program Files\adt-bundle-windows-x86-20131030\adt-bundle-windows-x86-20131030\sdk\platform-tools;D:\Program Files\adt-bundle-windows-x86-20131030\adt-bundle-windows-x86-20131030\eclipse;
USERNAME=wearable
OS=Windows_NT
PROCESSOR_IDENTIFIER=x86 Family 21 Model 19 Stepping 1, AuthenticAMD



---------------  S Y S T E M  ---------------

OS: Windows 7 Build 7600 

CPU:total 2 (2 cores per cpu, 1 threads per core) family 21 model 19 stepping 1, cmov, cx8, fxsr, mmx, sse, sse2, sse3, ssse3, sse4.1, sse4.2, popcnt, mmxext, 3dnowpref, lzcnt, sse4a, tsc, tscinvbit, tscinv

Memory: 4k page, physical 3095276k(1314888k free), swap 6188788k(3901144k free)

vm_info: Java HotSpot(TM) Client VM (23.7-b01) for windows-x86 JRE (1.7.0_13-b20), built on Jan 30 2013 10:03:58 by "java_re" with unknown MS VC++:1600

time: Thu Jul 23 10:36:13 2015
elapsed time: 1 seconds

